Added Component: Designator=C1(CAPC01005(0402)22_N)
Added Component: Designator=C2(CAPC0603(1608)100_M)
Added Component: Designator=C4(CAPC1206(3216)100_N)
Added Component: Designator=C6(CAPC01005(0402)22_N)
Added Component: Designator=C7(CAPC01005(0402)22_N)
Added Component: Designator=L1(CAPC01005(0402)22_L)
Added Component: Designator=L2(CAPC01005(0402)22_L)
Added Component: Designator=L3(CAPC01005(0402)22_L)
Added Component: Designator=LO_IN(CON-REVSMA-SMD)
Added Component: Designator=P_IF 1_P 2_GND(HEAD-SM1-25-2H2M)
Added Component: Designator=P_P 1_VCC 2_GND(HEAD-SM1-25-2H2M)
Added Component: Designator=RF_IN(CON-REVSMA-SMD)
Added Component: Designator=U?(LT-UF-16_L)
Added Pin To Net: NetName=GND Pin=C1-2
Added Pin To Net: NetName=GND Pin=C2-1
Added Pin To Net: NetName=GND Pin=C4-2
Added Pin To Net: NetName=GND Pin=C7-1
Added Pin To Net: NetName=GND Pin=L2-1
Added Pin To Net: NetName=GND Pin=LO_IN-2
Added Pin To Net: NetName=GND Pin=LO_IN-3
Added Pin To Net: NetName=GND Pin=LO_IN-4
Added Pin To Net: NetName=GND Pin=LO_IN-5
Added Pin To Net: NetName=GND Pin=P_P 1_VCC 2_GND-2
Added Pin To Net: NetName=GND Pin=RF_IN-2
Added Pin To Net: NetName=GND Pin=RF_IN-3
Added Pin To Net: NetName=GND Pin=RF_IN-4
Added Pin To Net: NetName=GND Pin=RF_IN-5
Added Pin To Net: NetName=GND Pin=U?-1
Added Pin To Net: NetName=GND Pin=U?-4
Added Pin To Net: NetName=GND Pin=U?-8
Added Pin To Net: NetName=GND Pin=U?-9
Added Pin To Net: NetName=GND Pin=U?-12
Added Pin To Net: NetName=GND Pin=U?-13
Added Pin To Net: NetName=GND Pin=U?-16
Added Pin To Net: NetName=GND Pin=U?-17
Added Net: Name=GND
Added Pin To Net: NetName=NetC4_1 Pin=C4-1
Added Pin To Net: NetName=NetC4_1 Pin=L1-1
Added Pin To Net: NetName=NetC4_1 Pin=RF_IN-1
Added Net: Name=NetC4_1
Added Pin To Net: NetName=NetC6_1 Pin=C6-1
Added Pin To Net: NetName=NetC6_1 Pin=LO_IN-1
Added Net: Name=NetC6_1
Added Pin To Net: NetName=NetC6_2 Pin=C6-2
Added Pin To Net: NetName=NetC6_2 Pin=L3-1
Added Net: Name=NetC6_2
Added Pin To Net: NetName=NetC7_2 Pin=C7-2
Added Pin To Net: NetName=NetC7_2 Pin=U?-14
Added Net: Name=NetC7_2
Added Pin To Net: NetName=NetL1_2 Pin=L1-2
Added Pin To Net: NetName=NetL1_2 Pin=U?-2
Added Net: Name=NetL1_2
Added Pin To Net: NetName=NetL2_2 Pin=L2-2
Added Pin To Net: NetName=NetL2_2 Pin=U?-3
Added Net: Name=NetL2_2
Added Pin To Net: NetName=NetL3_2 Pin=L3-2
Added Pin To Net: NetName=NetL3_2 Pin=U?-15
Added Net: Name=NetL3_2
Added Pin To Net: NetName=NetP_IF 1_P 2_GND_1 Pin=P_IF 1_P 2_GND-1
Added Pin To Net: NetName=NetP_IF 1_P 2_GND_1 Pin=U?-11
Added Net: Name=NetP_IF 1_P 2_GND_1
Added Pin To Net: NetName=NetP_IF 1_P 2_GND_2 Pin=P_IF 1_P 2_GND-2
Added Pin To Net: NetName=NetP_IF 1_P 2_GND_2 Pin=U?-10
Added Net: Name=NetP_IF 1_P 2_GND_2
Added Pin To Net: NetName=VCC Pin=C1-1
Added Pin To Net: NetName=VCC Pin=C2-2
Added Pin To Net: NetName=VCC Pin=P_P 1_VCC 2_GND-1
Added Pin To Net: NetName=VCC Pin=U?-5
Added Pin To Net: NetName=VCC Pin=U?-6
Added Pin To Net: NetName=VCC Pin=U?-7
Added Net: Name=VCC
Added Class: Name=Mixer_module
Added Room: Name=Mixer_module
